<component name="libraryTable">
  <library name="junit-4.12-beta-3">
    <CLASSES>
      <root url="jar://$USER_HOME$/.gradle/caches/modules-2/files-2.1/junit/junit/4.12-beta-3/c3b3e612612fcbb9faa46d10d2d69e3b21a062fe/junit-4.12-beta-3.jar!/" />
    </CLASSES>
    <JAVADOC />
    <SOURCES />
  </library>
</component>